<DtkApiVersion>141<\DtkApiVersion>
Process Conversion with healing
    Reading Model : C:/Users/skycap92/AppData/Local/Temp/ASM for Noel.stp
    -------------

    Reading STEP file : C:/Users/skycap92/AppData/Local/Temp/ASM for Noel.stp

    STEP Header Information

  Description      Alibre Inc.
  Imp_Level        2;1
  File_Name        export0
  Date             2015-08-06T17:29:05+08:00
  Author           
  Organization     
  Pre_Version      ST-DEVELOPER v14
  Orig_System      Alibre
  Authorisation    
  Schema_ID        AUTOMOTIVE_DESIGN

	__________________________________________
	ENTITY LIST
	__________________________________________
	Count			 Entity Type
	__________________________________________
	    90		ADVANCED_BREP_SHAPE_REPRESENTATION
	  5247		ADVANCED_FACE
	     1		APPLICATION_CONTEXT
	     1		APPLICATION_PROTOCOL_DEFINITION
	  8462		AXIS2_PLACEMENT_3D
	    40		BOUNDED_CURVE,B_SPLINE_CURVE,B_SPLINE_CURVE_WITH_KNOTS,CURVE,GEOMETRIC_REPRESENTATION_ITEM,RATIONAL_B_SPLINE_CURVE,REPRESENTATION_ITEM
	     1		BREP_WITH_VOIDS
	   378		B_SPLINE_CURVE_WITH_KNOTS
	    52		B_SPLINE_SURFACE_WITH_KNOTS
	 51376		CARTESIAN_POINT
	  2460		CIRCLE
	    93		CLOSED_SHELL
	   108		COLOUR_RGB
	   141		CONICAL_SURFACE
	   571		CONTEXT_DEPENDENT_SHAPE_REPRESENTATION
	  1070		CYLINDRICAL_SURFACE
	     6		DEGENERATE_TOROIDAL_SURFACE
	   182		DERIVED_UNIT
	   182		DERIVED_UNIT_ELEMENT
	 22419		DIRECTION
	     7		DRAUGHTING_PRE_DEFINED_COLOUR
	 12479		EDGE_CURVE
	  7229		EDGE_LOOP
	   123		ELLIPSE
	  7231		FACE_BOUND
	   115		FILL_AREA_STYLE
	   115		FILL_AREA_STYLE_COLOUR
	   106		GEOMETRIC_REPRESENTATION_CONTEXT,GLOBAL_UNCERTAINTY_ASSIGNED_CONTEXT,GLOBAL_UNIT_ASSIGNED_CONTEXT,REPRESENTATION_CONTEXT
	   571		ITEM_DEFINED_TRANSFORMATION
	   106		LENGTH_UNIT,NAMED_UNIT,SI_UNIT
	  8975		LINE
	    91		MANIFOLD_SOLID_BREP
	   182		MEASURE_REPRESENTATION_ITEM
	     1		MECHANICAL_DESIGN_GEOMETRIC_PRESENTATION_REPRESENTATION
	   106		NAMED_UNIT,PLANE_ANGLE_UNIT,SI_UNIT
	   106		NAMED_UNIT,SI_UNIT,SOLID_ANGLE_UNIT
	   571		NEXT_ASSEMBLY_USAGE_OCCURRENCE
	     1		ORIENTED_CLOSED_SHELL
	 24972		ORIENTED_EDGE
	  3432		PLANE
	   115		PRESENTATION_STYLE_ASSIGNMENT
	   106		PRODUCT
	   106		PRODUCT_CONTEXT
	   106		PRODUCT_DEFINITION
	   106		PRODUCT_DEFINITION_CONTEXT
	   106		PRODUCT_DEFINITION_FORMATION_WITH_SPECIFIED_SOURCE
	   677		PRODUCT_DEFINITION_SHAPE
	   106		PRODUCT_RELATED_PRODUCT_CATEGORY
	   273		PROPERTY_DEFINITION
	   273		PROPERTY_DEFINITION_REPRESENTATION
	   273		REPRESENTATION
	   571		REPRESENTATION_RELATIONSHIP,REPRESENTATION_RELATIONSHIP_WITH_TRANSFORMATION,SHAPE_REPRESENTATION_RELATIONSHIP
	   106		SHAPE_DEFINITION_REPRESENTATION
	   106		SHAPE_REPRESENTATION
	    90		SHAPE_REPRESENTATION_RELATIONSHIP
	    27		SPHERICAL_SURFACE
	  1020		STYLED_ITEM
	    19		SURFACE_OF_LINEAR_EXTRUSION
	   115		SURFACE_SIDE_STYLE
	   115		SURFACE_STYLE_FILL_AREA
	   115		SURFACE_STYLE_USAGE
	    61		TOROIDAL_SURFACE
	   106		UNCERTAINTY_MEASURE_WITH_UNIT
	  8994		VECTOR
	     2		VERTEX_LOOP
	  8562		VERTEX_POINT
	__________________________________________
	181655		TOTAL 
	__________________________________________

    Summary of Model : C:/Users/skycap92/AppData/Local/Temp/ASM for Noel.stp
    ---------------
  Model Structure   : ASSEMBLY
  File Organization : MONOLITHIC
<FileName>C:/Users/skycap92/AppData/Local/Temp/ASM for Noel.stp<\FileName>
<UnitScale>10<\UnitScale>



Start Conversion     :   17:29:08 
End Conversion       :   17:32:12 
Conversion started during         :  3mn  4sec (184 sec)

File saving OK!
